<?xml version="1.0" encoding="UTF-8"?>
<testng-results ignored="0" total="2" passed="2" failed="0" skipped="0">
  <reporter-output>
  </reporter-output>
  <suite started-at="2024-07-03T00:23:45 WAT" name="Suite" finished-at="2024-07-03T00:24:14 WAT" duration-ms="28649">
    <groups>
    </groups>
    <test started-at="2024-07-03T00:23:45 WAT" name="Test" finished-at="2024-07-03T00:24:14 WAT" duration-ms="28649">
      <class name="amorsevTest.loginTest">
        <test-method is-config="true" signature="setUp()[pri:0, instance:amorsevTest.loginTest@7334aada]" started-at="2024-07-03T00:23:45 WAT" name="setUp" finished-at="2024-07-03T00:23:48 WAT" duration-ms="2630" status="PASS">
          <reporter-output>
          </reporter-output>
        </test-method> <!-- setUp -->
        <test-method signature="invalidCredentialsLoginTest()[pri:0, instance:amorsevTest.loginTest@7334aada]" started-at="2024-07-03T00:23:48 WAT" name="invalidCredentialsLoginTest" finished-at="2024-07-03T00:24:00 WAT" duration-ms="11891" status="PASS">
          <reporter-output>
          </reporter-output>
        </test-method> <!-- invalidCredentialsLoginTest -->
        <test-method signature="validCredentialsLoginTest()[pri:0, instance:amorsevTest.loginTest@7334aada]" started-at="2024-07-03T00:24:00 WAT" name="validCredentialsLoginTest" finished-at="2024-07-03T00:24:14 WAT" duration-ms="14015" status="PASS">
          <reporter-output>
          </reporter-output>
        </test-method> <!-- validCredentialsLoginTest -->
        <test-method is-config="true" signature="tearDown()[pri:0, instance:amorsevTest.loginTest@7334aada]" started-at="2024-07-03T00:24:14 WAT" name="tearDown" finished-at="2024-07-03T00:24:14 WAT" duration-ms="84" status="PASS">
          <reporter-output>
          </reporter-output>
        </test-method> <!-- tearDown -->
      </class> <!-- amorsevTest.loginTest -->
    </test> <!-- Test -->
  </suite> <!-- Suite -->
</testng-results>
