<?xml version="1.0" encoding="UTF-8"?>
<testng-results ignored="0" total="2" passed="2" failed="0" skipped="0">
  <reporter-output>
  </reporter-output>
  <suite started-at="2024-06-28T05:04:31 WAT" name="Default suite" finished-at="2024-06-28T05:04:58 WAT" duration-ms="27353">
    <groups>
    </groups>
    <test started-at="2024-06-28T05:04:31 WAT" name="Default test" finished-at="2024-06-28T05:04:58 WAT" duration-ms="27353">
      <class name="amorsevTest.loginTest">
        <test-method is-config="true" signature="setUp()[pri:0, instance:amorsevTest.loginTest@44ebcd03]" started-at="2024-06-28T05:04:31 WAT" name="setUp" finished-at="2024-06-28T05:04:33 WAT" duration-ms="2309" status="PASS">
          <reporter-output>
          </reporter-output>
        </test-method> <!-- setUp -->
        <test-method signature="invalidCredentialsLoginTest()[pri:0, instance:amorsevTest.loginTest@44ebcd03]" started-at="2024-06-28T05:04:33 WAT" name="invalidCredentialsLoginTest" finished-at="2024-06-28T05:04:45 WAT" duration-ms="12021" status="PASS">
          <reporter-output>
          </reporter-output>
        </test-method> <!-- invalidCredentialsLoginTest -->
        <test-method signature="validCredentialsLoginTest()[pri:0, instance:amorsevTest.loginTest@44ebcd03]" started-at="2024-06-28T05:04:45 WAT" name="validCredentialsLoginTest" finished-at="2024-06-28T05:04:58 WAT" duration-ms="12916" status="PASS">
          <reporter-output>
          </reporter-output>
        </test-method> <!-- validCredentialsLoginTest -->
        <test-method is-config="true" signature="tearDown()[pri:0, instance:amorsevTest.loginTest@44ebcd03]" started-at="2024-06-28T05:04:58 WAT" name="tearDown" finished-at="2024-06-28T05:04:58 WAT" duration-ms="81" status="PASS">
          <reporter-output>
          </reporter-output>
        </test-method> <!-- tearDown -->
      </class> <!-- amorsevTest.loginTest -->
    </test> <!-- Default test -->
  </suite> <!-- Default suite -->
</testng-results>
